# JRE version: OpenJDK Runtime Environment (21.0.7) (build 21.0.7+-13880790-b1038.58)
# Java VM: OpenJDK 64-Bit Server VM (21.0.7+-13880790-b1038.58, mixed mode, tiered, compressed oops, compressed class ptrs, g1 gc, windows-amd64)
GC Precious Log:
 CardTable entry size: 512
 Card Set container configuration: InlinePtr #cards 4 size 8 Array Of Cards #cards 16 size 48 Howl #buckets 8 coarsen threshold 3686 Howl Bitmap #cards 512 size 80 coarsen threshold 460 Card regions per heap region 1 cards per card region 4096
 CPUs: 16 total, 16 available
 Memory: 15629M
 Large Page Support: Disabled
 NUMA Support: Disabled
 Compressed Oops: Enabled (Zero based)
 Heap Region Size: 2M
 Heap Min Capacity: 8M
 Heap Initial Capacity: 246M
 Heap Max Capacity: 3G
 Pre-touch: Disabled
 Parallel Workers: 13
 Concurrent Workers: 3
 Concurrent Refinement Workers: 13
 Periodic GC: Disabled
Heap:
 garbage-first heap   total 294912K, used 240675K [0x0000000740000000, 0x0000000800000000)
  region size 2048K, 7 young (14336K), 5 survivors (10240K)
 Metaspace       used 136511K, committed 139008K, reserved 1179648K
  class space    used 18542K, committed 19776K, reserved 1048576K
GC Heap History (20 events):
Event: 16.687 GC heap before
{Heap before GC invocations=39 (full 0):
 garbage-first heap   total 239616K, used 211562K [0x0000000740000000, 0x0000000800000000)
  region size 2048K, 37 young (75776K), 5 survivors (10240K)
 Metaspace       used 110946K, committed 113152K, reserved 1179648K
  class space    used 15343K, committed 16448K, reserved 1048576K
}
Event: 16.699 GC heap after
{Heap after GC invocations=40 (full 0):
 garbage-first heap   total 288768K, used 145927K [0x0000000740000000, 0x0000000800000000)
  region size 2048K, 4 young (8192K), 4 survivors (8192K)
 Metaspace       used 110946K, committed 113152K, reserved 1179648K
  class space    used 15343K, committed 16448K, reserved 1048576K
}
Event: 17.505 GC heap before
{Heap before GC invocations=40 (full 0):
 garbage-first heap   total 288768K, used 254471K [0x0000000740000000, 0x0000000800000000)
  region size 2048K, 57 young (116736K), 4 survivors (8192K)
 Metaspace       used 110961K, committed 113216K, reserved 1179648K
  class space    used 15346K, committed 16448K, reserved 1048576K
}
Event: 17.515 GC heap after
{Heap after GC invocations=41 (full 0):
 garbage-first heap   total 288768K, used 149151K [0x0000000740000000, 0x0000000800000000)
  region size 2048K, 5 young (10240K), 5 survivors (10240K)
 Metaspace       used 110961K, committed 113216K, reserved 1179648K
  class space    used 15346K, committed 16448K, reserved 1048576K
}
Event: 18.475 GC heap before
{Heap before GC invocations=41 (full 0):
 garbage-first heap   total 288768K, used 261791K [0x0000000740000000, 0x0000000800000000)
  region size 2048K, 60 young (122880K), 5 survivors (10240K)
 Metaspace       used 111263K, committed 113472K, reserved 1179648K
  class space    used 15368K, committed 16448K, reserved 1048576K
}
Event: 18.485 GC heap after
{Heap after GC invocations=42 (full 0):
 garbage-first heap   total 288768K, used 151989K [0x0000000740000000, 0x0000000800000000)
  region size 2048K, 5 young (10240K), 5 survivors (10240K)
 Metaspace       used 111263K, committed 113472K, reserved 1179648K
  class space    used 15368K, committed 16448K, reserved 1048576K
}
Event: 20.238 GC heap before
{Heap before GC invocations=42 (full 0):
 garbage-first heap   total 288768K, used 258485K [0x0000000740000000, 0x0000000800000000)
  region size 2048K, 58 young (118784K), 5 survivors (10240K)
 Metaspace       used 121438K, committed 123712K, reserved 1179648K
  class space    used 16726K, committed 17856K, reserved 1048576K
}
Event: 20.246 GC heap after
{Heap after GC invocations=43 (full 0):
 garbage-first heap   total 288768K, used 156198K [0x0000000740000000, 0x0000000800000000)
  region size 2048K, 7 young (14336K), 7 survivors (14336K)
 Metaspace       used 121438K, committed 123712K, reserved 1179648K
  class space    used 16726K, committed 17856K, reserved 1048576K
}
Event: 21.106 GC heap before
{Heap before GC invocations=44 (full 0):
 garbage-first heap   total 288768K, used 254502K [0x0000000740000000, 0x0000000800000000)
  region size 2048K, 56 young (114688K), 7 survivors (14336K)
 Metaspace       used 125482K, committed 127744K, reserved 1179648K
  class space    used 17082K, committed 18176K, reserved 1048576K
}
Event: 21.115 GC heap after
{Heap after GC invocations=45 (full 0):
 garbage-first heap   total 288768K, used 161401K [0x0000000740000000, 0x0000000800000000)
  region size 2048K, 6 young (12288K), 6 survivors (12288K)
 Metaspace       used 125482K, committed 127744K, reserved 1179648K
  class space    used 17082K, committed 18176K, reserved 1048576K
}
Event: 22.138 GC heap before
{Heap before GC invocations=45 (full 0):
 garbage-first heap   total 288768K, used 259705K [0x0000000740000000, 0x0000000800000000)
  region size 2048K, 54 young (110592K), 6 survivors (12288K)
 Metaspace       used 129708K, committed 132096K, reserved 1179648K
  class space    used 17628K, committed 18816K, reserved 1048576K
}
Event: 22.147 GC heap after
{Heap after GC invocations=46 (full 0):
 garbage-first heap   total 288768K, used 163963K [0x0000000740000000, 0x0000000800000000)
  region size 2048K, 7 young (14336K), 7 survivors (14336K)
 Metaspace       used 129708K, committed 132096K, reserved 1179648K
  class space    used 17628K, committed 18816K, reserved 1048576K
}
Event: 46.219 GC heap before
{Heap before GC invocations=46 (full 0):
 garbage-first heap   total 288768K, used 254075K [0x0000000740000000, 0x0000000800000000)
  region size 2048K, 52 young (106496K), 7 survivors (14336K)
 Metaspace       used 130690K, committed 133120K, reserved 1179648K
  class space    used 17742K, committed 18944K, reserved 1048576K
}
Event: 46.229 GC heap after
{Heap after GC invocations=47 (full 0):
 garbage-first heap   total 288768K, used 171242K [0x0000000740000000, 0x0000000800000000)
  region size 2048K, 5 young (10240K), 5 survivors (10240K)
 Metaspace       used 130690K, committed 133120K, reserved 1179648K
  class space    used 17742K, committed 18944K, reserved 1048576K
}
Event: 47.255 GC heap before
{Heap before GC invocations=48 (full 0):
 garbage-first heap   total 290816K, used 259306K [0x0000000740000000, 0x0000000800000000)
  region size 2048K, 48 young (98304K), 5 survivors (10240K)
 Metaspace       used 132923K, committed 135424K, reserved 1179648K
  class space    used 18054K, committed 19264K, reserved 1048576K
}
Event: 47.265 GC heap after
{Heap after GC invocations=49 (full 0):
 garbage-first heap   total 290816K, used 183442K [0x0000000740000000, 0x0000000800000000)
  region size 2048K, 6 young (12288K), 6 survivors (12288K)
 Metaspace       used 132923K, committed 135424K, reserved 1179648K
  class space    used 18054K, committed 19264K, reserved 1048576K
}
Event: 48.209 GC heap before
{Heap before GC invocations=49 (full 0):
 garbage-first heap   total 290816K, used 263314K [0x0000000740000000, 0x0000000800000000)
  region size 2048K, 44 young (90112K), 6 survivors (12288K)
 Metaspace       used 135821K, committed 138304K, reserved 1179648K
  class space    used 18478K, committed 19712K, reserved 1048576K
}
Event: 48.220 GC heap after
{Heap after GC invocations=50 (full 0):
 garbage-first heap   total 294912K, used 196586K [0x0000000740000000, 0x0000000800000000)
  region size 2048K, 6 young (12288K), 6 survivors (12288K)
 Metaspace       used 135821K, committed 138304K, reserved 1179648K
  class space    used 18478K, committed 19712K, reserved 1048576K
}
Event: 48.784 GC heap before
{Heap before GC invocations=50 (full 0):
 garbage-first heap   total 294912K, used 235498K [0x0000000740000000, 0x0000000800000000)
  region size 2048K, 27 young (55296K), 6 survivors (12288K)
 Metaspace       used 136459K, committed 138944K, reserved 1179648K
  class space    used 18536K, committed 19776K, reserved 1048576K
}
Event: 48.798 GC heap after
{Heap after GC invocations=51 (full 0):
 garbage-first heap   total 294912K, used 216099K [0x0000000740000000, 0x0000000800000000)
  region size 2048K, 5 young (10240K), 5 survivors (10240K)
 Metaspace       used 136459K, committed 138944K, reserved 1179648K
  class space    used 18536K, committed 19776K, reserved 1048576K
}

