# JRE version: OpenJDK Runtime Environment (21.0.7) (build 21.0.7+-13880790-b1038.58)
# Java VM: OpenJDK 64-Bit Server VM (21.0.7+-13880790-b1038.58, mixed mode, tiered, compressed oops, compressed class ptrs, g1 gc, windows-amd64)
GC Precious Log:
 CardTable entry size: 512
 Card Set container configuration: InlinePtr #cards 5 size 8 Array Of Cards #cards 12 size 40 Howl #buckets 4 coarsen threshold 1843 Howl Bitmap #cards 512 size 80 coarsen threshold 460 Card regions per heap region 1 cards per card region 2048
 CPUs: 16 total, 16 available
 Memory: 15629M
 Large Page Support: Disabled
 NUMA Support: Disabled
 Compressed Oops: Enabled (32-bit)
 Heap Region Size: 1M
 Heap Min Capacity: 8M
 Heap Initial Capacity: 246M
 Heap Max Capacity: 2G
 Pre-touch: Disabled
 Parallel Workers: 13
 Concurrent Workers: 3
 Concurrent Refinement Workers: 13
 Periodic GC: Disabled
Heap:
 garbage-first heap   total 167936K, used 93045K [0x0000000080000000, 0x0000000100000000)
  region size 1024K, 13 young (13312K), 4 survivors (4096K)
 Metaspace       used 97090K, committed 99200K, reserved 1179648K
  class space    used 13387K, committed 14400K, reserved 1048576K
GC Heap History (20 events):
Event: 10.154 GC heap before
{Heap before GC invocations=23 (full 0):
 garbage-first heap   total 82944K, used 72797K [0x0000000080000000, 0x0000000100000000)
  region size 1024K, 25 young (25600K), 3 survivors (3072K)
 Metaspace       used 72044K, committed 73792K, reserved 1114112K
  class space    used 9896K, committed 10752K, reserved 1048576K
}
Event: 10.156 GC heap after
{Heap after GC invocations=24 (full 0):
 garbage-first heap   total 82944K, used 52130K [0x0000000080000000, 0x0000000100000000)
  region size 1024K, 3 young (3072K), 3 survivors (3072K)
 Metaspace       used 72044K, committed 73792K, reserved 1114112K
  class space    used 9896K, committed 10752K, reserved 1048576K
}
Event: 10.225 GC heap before
{Heap before GC invocations=25 (full 0):
 garbage-first heap   total 87040K, used 73634K [0x0000000080000000, 0x0000000100000000)
  region size 1024K, 25 young (25600K), 3 survivors (3072K)
 Metaspace       used 72115K, committed 73856K, reserved 1114112K
  class space    used 9896K, committed 10752K, reserved 1048576K
}
Event: 10.228 GC heap after
{Heap after GC invocations=26 (full 0):
 garbage-first heap   total 104448K, used 52670K [0x0000000080000000, 0x0000000100000000)
  region size 1024K, 3 young (3072K), 3 survivors (3072K)
 Metaspace       used 72115K, committed 73856K, reserved 1114112K
  class space    used 9896K, committed 10752K, reserved 1048576K
}
Event: 10.367 GC heap before
{Heap before GC invocations=26 (full 0):
 garbage-first heap   total 104448K, used 91582K [0x0000000080000000, 0x0000000100000000)
  region size 1024K, 42 young (43008K), 3 survivors (3072K)
 Metaspace       used 72127K, committed 73920K, reserved 1114112K
  class space    used 9896K, committed 10752K, reserved 1048576K
}
Event: 10.369 GC heap after
{Heap after GC invocations=27 (full 0):
 garbage-first heap   total 104448K, used 52620K [0x0000000080000000, 0x0000000100000000)
  region size 1024K, 4 young (4096K), 4 survivors (4096K)
 Metaspace       used 72127K, committed 73920K, reserved 1114112K
  class space    used 9896K, committed 10752K, reserved 1048576K
}
Event: 10.538 GC heap before
{Heap before GC invocations=27 (full 0):
 garbage-first heap   total 104448K, used 92556K [0x0000000080000000, 0x0000000100000000)
  region size 1024K, 44 young (45056K), 4 survivors (4096K)
 Metaspace       used 72415K, committed 74176K, reserved 1114112K
  class space    used 9930K, committed 10816K, reserved 1048576K
}
Event: 10.542 GC heap after
{Heap after GC invocations=28 (full 0):
 garbage-first heap   total 104448K, used 54520K [0x0000000080000000, 0x0000000100000000)
  region size 1024K, 6 young (6144K), 6 survivors (6144K)
 Metaspace       used 72415K, committed 74176K, reserved 1114112K
  class space    used 9930K, committed 10816K, reserved 1048576K
}
Event: 11.259 GC heap before
{Heap before GC invocations=29 (full 0):
 garbage-first heap   total 104448K, used 96504K [0x0000000080000000, 0x0000000100000000)
  region size 1024K, 41 young (41984K), 6 survivors (6144K)
 Metaspace       used 74223K, committed 75968K, reserved 1114112K
  class space    used 10147K, committed 11008K, reserved 1048576K
}
Event: 11.267 GC heap after
{Heap after GC invocations=30 (full 0):
 garbage-first heap   total 111616K, used 67770K [0x0000000080000000, 0x0000000100000000)
  region size 1024K, 6 young (6144K), 6 survivors (6144K)
 Metaspace       used 74223K, committed 75968K, reserved 1114112K
  class space    used 10147K, committed 11008K, reserved 1048576K
}
Event: 11.836 GC heap before
{Heap before GC invocations=30 (full 0):
 garbage-first heap   total 111616K, used 95418K [0x0000000080000000, 0x0000000100000000)
  region size 1024K, 34 young (34816K), 6 survivors (6144K)
 Metaspace       used 76910K, committed 78784K, reserved 1179648K
  class space    used 10472K, committed 11392K, reserved 1048576K
}
Event: 11.842 GC heap after
{Heap after GC invocations=31 (full 0):
 garbage-first heap   total 167936K, used 68070K [0x0000000080000000, 0x0000000100000000)
  region size 1024K, 2 young (2048K), 2 survivors (2048K)
 Metaspace       used 76910K, committed 78784K, reserved 1179648K
  class space    used 10472K, committed 11392K, reserved 1048576K
}
Event: 13.104 GC heap before
{Heap before GC invocations=31 (full 0):
 garbage-first heap   total 167936K, used 151014K [0x0000000080000000, 0x0000000100000000)
  region size 1024K, 79 young (80896K), 2 survivors (2048K)
 Metaspace       used 84234K, committed 86208K, reserved 1179648K
  class space    used 11466K, committed 12416K, reserved 1048576K
}
Event: 13.111 GC heap after
{Heap after GC invocations=32 (full 0):
 garbage-first heap   total 167936K, used 75103K [0x0000000080000000, 0x0000000100000000)
  region size 1024K, 7 young (7168K), 7 survivors (7168K)
 Metaspace       used 84234K, committed 86208K, reserved 1179648K
  class space    used 11466K, committed 12416K, reserved 1048576K
}
Event: 14.092 GC heap before
{Heap before GC invocations=32 (full 0):
 garbage-first heap   total 167936K, used 147807K [0x0000000080000000, 0x0000000100000000)
  region size 1024K, 78 young (79872K), 7 survivors (7168K)
 Metaspace       used 88841K, committed 90752K, reserved 1179648K
  class space    used 12051K, committed 12992K, reserved 1048576K
}
Event: 14.100 GC heap after
{Heap after GC invocations=33 (full 0):
 garbage-first heap   total 167936K, used 81252K [0x0000000080000000, 0x0000000100000000)
  region size 1024K, 6 young (6144K), 6 survivors (6144K)
 Metaspace       used 88841K, committed 90752K, reserved 1179648K
  class space    used 12051K, committed 12992K, reserved 1048576K
}
Event: 14.531 GC heap before
{Heap before GC invocations=33 (full 0):
 garbage-first heap   total 167936K, used 108900K [0x0000000080000000, 0x0000000100000000)
  region size 1024K, 35 young (35840K), 6 survivors (6144K)
 Metaspace       used 91062K, committed 93120K, reserved 1179648K
  class space    used 12371K, committed 13376K, reserved 1048576K
}
Event: 14.538 GC heap after
{Heap after GC invocations=34 (full 0):
 garbage-first heap   total 167936K, used 82655K [0x0000000080000000, 0x0000000100000000)
  region size 1024K, 2 young (2048K), 2 survivors (2048K)
 Metaspace       used 91062K, committed 93120K, reserved 1179648K
  class space    used 12371K, committed 13376K, reserved 1048576K
}
Event: 15.745 GC heap before
{Heap before GC invocations=35 (full 0):
 garbage-first heap   total 167936K, used 152287K [0x0000000080000000, 0x0000000100000000)
  region size 1024K, 69 young (70656K), 2 survivors (2048K)
 Metaspace       used 96509K, committed 98624K, reserved 1179648K
  class space    used 13295K, committed 14336K, reserved 1048576K
}
Event: 15.749 GC heap after
{Heap after GC invocations=36 (full 0):
 garbage-first heap   total 167936K, used 84853K [0x0000000080000000, 0x0000000100000000)
  region size 1024K, 4 young (4096K), 4 survivors (4096K)
 Metaspace       used 96509K, committed 98624K, reserved 1179648K
  class space    used 13295K, committed 14336K, reserved 1048576K
}

