# JRE version: OpenJDK Runtime Environment (21.0.7) (build 21.0.7+-13880790-b1038.58)
# Java VM: OpenJDK 64-Bit Server VM (21.0.7+-13880790-b1038.58, mixed mode, tiered, compressed oops, compressed class ptrs, g1 gc, windows-amd64)
GC Precious Log:
 CardTable entry size: 512
 Card Set container configuration: InlinePtr #cards 4 size 8 Array Of Cards #cards 16 size 48 Howl #buckets 8 coarsen threshold 3686 Howl Bitmap #cards 512 size 80 coarsen threshold 460 Card regions per heap region 1 cards per card region 4096
 CPUs: 16 total, 16 available
 Memory: 15629M
 Large Page Support: Disabled
 NUMA Support: Disabled
 Compressed Oops: Enabled (Zero based)
 Heap Region Size: 2M
 Heap Min Capacity: 8M
 Heap Initial Capacity: 246M
 Heap Max Capacity: 3G
 Pre-touch: Disabled
 Parallel Workers: 13
 Concurrent Workers: 3
 Concurrent Refinement Workers: 13
 Periodic GC: Disabled
Heap:
 garbage-first heap   total 305152K, used 186278K [0x0000000740000000, 0x0000000800000000)
  region size 2048K, 6 young (12288K), 1 survivors (2048K)
 Metaspace       used 148281K, committed 150656K, reserved 1179648K
  class space    used 20620K, committed 21824K, reserved 1048576K
GC Heap History (20 events):
Event: 18.915 GC heap before
{Heap before GC invocations=42 (full 0):
 garbage-first heap   total 249856K, used 214345K [0x0000000740000000, 0x0000000800000000)
  region size 2048K, 31 young (63488K), 5 survivors (10240K)
 Metaspace       used 115391K, committed 117632K, reserved 1179648K
  class space    used 15622K, committed 16704K, reserved 1048576K
}
Event: 18.921 GC heap after
{Heap after GC invocations=43 (full 0):
 garbage-first heap   total 249856K, used 149738K [0x0000000740000000, 0x0000000800000000)
  region size 2048K, 4 young (8192K), 4 survivors (8192K)
 Metaspace       used 115391K, committed 117632K, reserved 1179648K
  class space    used 15622K, committed 16704K, reserved 1048576K
}
Event: 19.208 GC heap before
{Heap before GC invocations=43 (full 0):
 garbage-first heap   total 249856K, used 207082K [0x0000000740000000, 0x0000000800000000)
  region size 2048K, 33 young (67584K), 4 survivors (8192K)
 Metaspace       used 117319K, committed 119552K, reserved 1179648K
  class space    used 15878K, committed 16960K, reserved 1048576K
}
Event: 19.214 GC heap after
{Heap after GC invocations=44 (full 0):
 garbage-first heap   total 249856K, used 157155K [0x0000000740000000, 0x0000000800000000)
  region size 2048K, 4 young (8192K), 4 survivors (8192K)
 Metaspace       used 117319K, committed 119552K, reserved 1179648K
  class space    used 15878K, committed 16960K, reserved 1048576K
}
Event: 19.365 GC heap before
{Heap before GC invocations=44 (full 0):
 garbage-first heap   total 249856K, used 212451K [0x0000000740000000, 0x0000000800000000)
  region size 2048K, 32 young (65536K), 4 survivors (8192K)
 Metaspace       used 118164K, committed 120384K, reserved 1179648K
  class space    used 15947K, committed 17024K, reserved 1048576K
}
Event: 19.371 GC heap after
{Heap after GC invocations=45 (full 0):
 garbage-first heap   total 301056K, used 159492K [0x0000000740000000, 0x0000000800000000)
  region size 2048K, 2 young (4096K), 2 survivors (4096K)
 Metaspace       used 118164K, committed 120384K, reserved 1179648K
  class space    used 15947K, committed 17024K, reserved 1048576K
}
Event: 19.815 GC heap before
{Heap before GC invocations=45 (full 0):
 garbage-first heap   total 301056K, used 255748K [0x0000000740000000, 0x0000000800000000)
  region size 2048K, 50 young (102400K), 2 survivors (4096K)
 Metaspace       used 119256K, committed 121472K, reserved 1179648K
  class space    used 16070K, committed 17152K, reserved 1048576K
}
Event: 19.819 GC heap after
{Heap after GC invocations=46 (full 0):
 garbage-first heap   total 301056K, used 160415K [0x0000000740000000, 0x0000000800000000)
  region size 2048K, 3 young (6144K), 3 survivors (6144K)
 Metaspace       used 119256K, committed 121472K, reserved 1179648K
  class space    used 16070K, committed 17152K, reserved 1048576K
}
Event: 20.480 GC heap before
{Heap before GC invocations=46 (full 0):
 garbage-first heap   total 301056K, used 268959K [0x0000000740000000, 0x0000000800000000)
  region size 2048K, 57 young (116736K), 3 survivors (6144K)
 Metaspace       used 120067K, committed 122368K, reserved 1179648K
  class space    used 16154K, committed 17280K, reserved 1048576K
}
Event: 20.486 GC heap after
{Heap after GC invocations=47 (full 0):
 garbage-first heap   total 301056K, used 165673K [0x0000000740000000, 0x0000000800000000)
  region size 2048K, 5 young (10240K), 5 survivors (10240K)
 Metaspace       used 120067K, committed 122368K, reserved 1179648K
  class space    used 16154K, committed 17280K, reserved 1048576K
}
Event: 23.727 GC heap before
{Heap before GC invocations=47 (full 0):
 garbage-first heap   total 301056K, used 270121K [0x0000000740000000, 0x0000000800000000)
  region size 2048K, 57 young (116736K), 5 survivors (10240K)
 Metaspace       used 122768K, committed 125056K, reserved 1179648K
  class space    used 16468K, committed 17600K, reserved 1048576K
}
Event: 23.740 GC heap after
{Heap after GC invocations=48 (full 0):
 garbage-first heap   total 301056K, used 175317K [0x0000000740000000, 0x0000000800000000)
  region size 2048K, 8 young (16384K), 8 survivors (16384K)
 Metaspace       used 122768K, committed 125056K, reserved 1179648K
  class space    used 16468K, committed 17600K, reserved 1048576K
}
Event: 24.831 GC heap before
{Heap before GC invocations=49 (full 0):
 garbage-first heap   total 301056K, used 265429K [0x0000000740000000, 0x0000000800000000)
  region size 2048K, 53 young (108544K), 8 survivors (16384K)
 Metaspace       used 128865K, committed 131136K, reserved 1179648K
  class space    used 17407K, committed 18496K, reserved 1048576K
}
Event: 24.842 GC heap after
{Heap after GC invocations=50 (full 0):
 garbage-first heap   total 301056K, used 187378K [0x0000000740000000, 0x0000000800000000)
  region size 2048K, 7 young (14336K), 7 survivors (14336K)
 Metaspace       used 128865K, committed 131136K, reserved 1179648K
  class space    used 17407K, committed 18496K, reserved 1048576K
}
Event: 25.765 GC heap before
{Heap before GC invocations=50 (full 0):
 garbage-first heap   total 301056K, used 267250K [0x0000000740000000, 0x0000000800000000)
  region size 2048K, 47 young (96256K), 7 survivors (14336K)
 Metaspace       used 138681K, committed 140928K, reserved 1179648K
  class space    used 19123K, committed 20224K, reserved 1048576K
}
Event: 25.775 GC heap after
{Heap after GC invocations=51 (full 0):
 garbage-first heap   total 301056K, used 164488K [0x0000000740000000, 0x0000000800000000)
  region size 2048K, 3 young (6144K), 3 survivors (6144K)
 Metaspace       used 138681K, committed 140928K, reserved 1179648K
  class space    used 19123K, committed 20224K, reserved 1048576K
}
Event: 26.616 GC heap before
{Heap before GC invocations=51 (full 0):
 garbage-first heap   total 301056K, used 266888K [0x0000000740000000, 0x0000000800000000)
  region size 2048K, 54 young (110592K), 3 survivors (6144K)
 Metaspace       used 145083K, committed 147456K, reserved 1179648K
  class space    used 20190K, committed 21376K, reserved 1048576K
}
Event: 26.626 GC heap after
{Heap after GC invocations=52 (full 0):
 garbage-first heap   total 301056K, used 169457K [0x0000000740000000, 0x0000000800000000)
  region size 2048K, 6 young (12288K), 6 survivors (12288K)
 Metaspace       used 145083K, committed 147456K, reserved 1179648K
  class space    used 20190K, committed 21376K, reserved 1048576K
}
Event: 27.134 GC heap before
{Heap before GC invocations=52 (full 0):
 garbage-first heap   total 301056K, used 208369K [0x0000000740000000, 0x0000000800000000)
  region size 2048K, 22 young (45056K), 6 survivors (12288K)
 Metaspace       used 147125K, committed 149440K, reserved 1179648K
  class space    used 20458K, committed 21632K, reserved 1048576K
}
Event: 27.143 GC heap after
{Heap after GC invocations=53 (full 0):
 garbage-first heap   total 301056K, used 171942K [0x0000000740000000, 0x0000000800000000)
  region size 2048K, 1 young (2048K), 1 survivors (2048K)
 Metaspace       used 147125K, committed 149440K, reserved 1179648K
  class space    used 20458K, committed 21632K, reserved 1048576K
}

